TN:
SF:g:\Programming\GitHub\Pendulum\build.js
FN:2,(anonymous_0)
FN:37,(anonymous_1)
FN:65,(anonymous_2)
FNF:3
FNH:0
FNDA:0,(anonymous_0)
FNDA:0,(anonymous_1)
FNDA:0,(anonymous_2)
DA:2,0
DA:4,0
DA:38,0
DA:66,0
DA:81,0
DA:82,0
DA:83,0
DA:84,0
DA:85,0
DA:86,0
DA:89,0
DA:91,0
DA:93,0
LF:13
LH:0
BRF:0
BRH:0
end_of_record
TN:
SF:g:\Programming\GitHub\Pendulum\src\js\load.js
FNF:0
FNH:0
LF:0
LH:0
BRF:0
BRH:0
end_of_record
TN:
SF:g:\Programming\GitHub\Pendulum\src\js\pendulum.js
FN:4,(anonymous_0)
FNF:1
FNH:0
FNDA:0,(anonymous_0)
DA:2,0
DA:3,0
DA:4,0
DA:5,0
DA:6,0
DA:7,0
DA:8,0
DA:9,0
DA:10,0
DA:11,0
LF:10
LH:0
BRF:0
BRH:0
end_of_record
TN:
SF:g:\Programming\GitHub\Pendulum\src\js\test.js
FNF:0
FNH:0
DA:4,0
DA:6,0
LF:2
LH:0
BRF:0
BRH:0
end_of_record
TN:
SF:g:\Programming\GitHub\Pendulum\src\js\ui.js
FN:22,getIndex
FN:37,removeIndex
FN:42,(anonymous_2)
FN:51,(anonymous_3)
FN:60,(anonymous_4)
FN:65,(anonymous_5)
FN:74,(anonymous_6)
FN:83,(anonymous_7)
FN:89,loadTags
FN:90,(anonymous_9)
FN:99,loadShelves
FN:100,(anonymous_11)
FN:108,loadReference
FN:119,addNameField
FN:127,addExpField
FN:135,focusNext
FN:140,focusLast
FN:145,removeNameField
FN:151,removeDefField
FN:157,appendDefinition
FN:165,removeDefinition
FN:179,insertNameField
FN:188,insertExpField
FN:198,insertDefinition
FN:211,initiateNameControl
FN:221,(anonymous_25)
FN:236,initiateDefControl
FN:245,(anonymous_27)
FN:252,(anonymous_28)
FN:256,(anonymous_29)
FN:262,(anonymous_30)
FN:263,(anonymous_31)
FNF:32
FNH:0
FNDA:0,getIndex
FNDA:0,removeIndex
FNDA:0,(anonymous_2)
FNDA:0,(anonymous_3)
FNDA:0,(anonymous_4)
FNDA:0,(anonymous_5)
FNDA:0,(anonymous_6)
FNDA:0,(anonymous_7)
FNDA:0,loadTags
FNDA:0,(anonymous_9)
FNDA:0,loadShelves
FNDA:0,(anonymous_11)
FNDA:0,loadReference
FNDA:0,addNameField
FNDA:0,addExpField
FNDA:0,focusNext
FNDA:0,focusLast
FNDA:0,removeNameField
FNDA:0,removeDefField
FNDA:0,appendDefinition
FNDA:0,removeDefinition
FNDA:0,insertNameField
FNDA:0,insertExpField
FNDA:0,insertDefinition
FNDA:0,initiateNameControl
FNDA:0,(anonymous_25)
FNDA:0,initiateDefControl
FNDA:0,(anonymous_27)
FNDA:0,(anonymous_28)
FNDA:0,(anonymous_29)
FNDA:0,(anonymous_30)
FNDA:0,(anonymous_31)
DA:2,0
DA:3,0
DA:5,0
DA:13,0
DA:14,0
DA:15,0
DA:20,0
DA:23,0
DA:24,0
DA:25,0
DA:27,0
DA:28,0
DA:29,0
DA:30,0
DA:33,0
DA:34,0
DA:38,0
DA:43,0
DA:44,0
DA:45,0
DA:46,0
DA:52,0
DA:53,0
DA:54,0
DA:55,0
DA:56,0
DA:57,0
DA:61,0
DA:66,0
DA:67,0
DA:68,0
DA:69,0
DA:75,0
DA:76,0
DA:77,0
DA:78,0
DA:79,0
DA:80,0
DA:84,0
DA:85,0
DA:90,0
DA:91,0
DA:92,0
DA:93,0
DA:94,0
DA:95,0
DA:100,0
DA:101,0
DA:102,0
DA:103,0
DA:104,0
DA:109,0
DA:110,0
DA:111,0
DA:112,0
DA:113,0
DA:114,0
DA:115,0
DA:120,0
DA:121,0
DA:122,0
DA:123,0
DA:124,0
DA:128,0
DA:129,0
DA:130,0
DA:131,0
DA:132,0
DA:136,0
DA:137,0
DA:141,0
DA:142,0
DA:146,0
DA:147,0
DA:148,0
DA:152,0
DA:153,0
DA:154,0
DA:158,0
DA:159,0
DA:160,0
DA:161,0
DA:162,0
DA:166,0
DA:167,0
DA:168,0
DA:169,0
DA:170,0
DA:171,0
DA:172,0
DA:174,0
DA:176,0
DA:180,0
DA:181,0
DA:182,0
DA:183,0
DA:184,0
DA:185,0
DA:189,0
DA:190,0
DA:191,0
DA:192,0
DA:193,0
DA:194,0
DA:195,0
DA:200,0
DA:201,0
DA:202,0
DA:203,0
DA:204,0
DA:205,0
DA:206,0
DA:212,0
DA:213,0
DA:214,0
DA:215,0
DA:217,0
DA:218,0
DA:222,0
DA:233,0
DA:237,0
DA:238,0
DA:239,0
DA:240,0
DA:242,0
DA:246,0
DA:253,0
DA:254,0
DA:257,0
DA:258,0
DA:259,0
DA:262,0
DA:263,0
DA:268,0
DA:271,0
LF:135
LH:0
BRDA:22,0,0,0
BRDA:23,1,0,0
BRDA:23,1,1,0
BRDA:28,2,0,0
BRDA:28,2,1,0
BRDA:37,3,0,0
BRDA:55,4,0,0
BRDA:55,4,1,0
BRDA:78,5,0,0
BRDA:78,5,1,0
BRDA:83,6,0,0
BRDA:119,7,0,0
BRDA:119,8,0,0
BRDA:120,9,0,0
BRDA:120,9,1,0
BRDA:127,10,0,0
BRDA:127,11,0,0
BRDA:128,12,0,0
BRDA:128,12,1,0
BRDA:145,13,0,0
BRDA:151,14,0,0
BRDA:157,15,0,0
BRDA:165,16,0,0
BRDA:167,17,0,0
BRDA:167,17,1,0
BRDA:174,18,0,0
BRDA:174,18,1,0
BRDA:179,19,0,0
BRDA:179,20,0,0
BRDA:179,21,0,0
BRDA:180,22,0,0
BRDA:180,22,1,0
BRDA:188,23,0,0
BRDA:188,24,0,0
BRDA:188,25,0,0
BRDA:189,26,0,0
BRDA:189,26,1,0
BRDA:198,27,0,0
BRDA:198,28,0,0
BRDA:200,29,0,0
BRDA:200,29,1,0
BRDA:257,30,0,0
BRDA:257,30,1,0
BRF:43
BRH:0
end_of_record
